{"type":"server-started","port":53480,"host":"127.0.0.1","url_host":"localhost","url":"http://localhost:53480","screen_dir":"/Users/anthony/Super pouvoir/Alloflow/.superpowers/brainstorm/59064-1774568203"}
{"type":"screen-added","file":"/Users/anthony/Super pouvoir/Alloflow/.superpowers/brainstorm/59064-1774568203/sprint-scope.html"}
{"source":"user-event","type":"click","text":"💳\n        Sprint 4 — Caisse avancée\n      \n      \n        🖨 TPE Concert V3\n        📜 Conformité NF525\n        📡 PWA Mode offline\n        🧾 Journal fiscal\n      \n    \n    \n      Caisse avancée — TPE & NF525\n      Intégration terminal de paiement Ingenico (protocole Concert V3), conformité fiscale NF525, mode offline PWA pour les coupures réseau.","choice":"caisse-avancee","id":null,"timestamp":1774568557302}
{"source":"user-event","type":"click","text":"💳\n        Sprint 4 — Caisse avancée\n      \n      \n        🖨 TPE Concert V3\n        📜 Conformité NF525\n        📡 PWA Mode offline\n        🧾 Journal fiscal\n      \n    \n    \n      Caisse avancée — TPE & NF525\n      Intégration terminal de paiement Ingenico (protocole Concert V3), conformité fiscale NF525, mode offline PWA pour les coupures réseau.","choice":"caisse-avancee","id":null,"timestamp":1774568561260}
{"source":"user-event","type":"click","text":"💳\n        Sprint 4 — Caisse avancée\n      \n      \n        🖨 TPE Concert V3\n        📜 Conformité NF525\n        📡 PWA Mode offline\n        🧾 Journal fiscal\n      \n    \n    \n      Caisse avancée — TPE & NF525\n      Intégration terminal de paiement Ingenico (protocole Concert V3), conformité fiscale NF525, mode offline PWA pour les coupures réseau.","choice":"caisse-avancee","id":null,"timestamp":1774568561705}
{"source":"user-event","type":"click","text":"📦\n        Sprint 4 — Stocks\n      \n      \n        📋 Inventaire temps réel\n        ⚠️ Alertes seuil bas\n        📥 Bons de commande\n        🔗 Décrément auto ventes\n      \n    \n    \n      Stocks & Approvisionnements\n      Gestion des niveaux de stock, alertes, bons de commande fournisseurs. Décrémente automatiquement à chaque vente POS.","choice":"stocks","id":null,"timestamp":1774568566870}
{"source":"user-event","type":"click","text":"💳\n        Sprint 4 — Caisse avancée\n      \n      \n        🖨 TPE Concert V3\n        📜 Conformité NF525\n        📡 PWA Mode offline\n        🧾 Journal fiscal\n      \n    \n    \n      Caisse avancée — TPE & NF525\n      Intégration terminal de paiement Ingenico (protocole Concert V3), conformité fiscale NF525, mode offline PWA pour les coupures réseau.","choice":"caisse-avancee","id":null,"timestamp":1774568567874}
{"source":"user-event","type":"click","text":"💳\n        Sprint 4 — Caisse avancée\n      \n      \n        🖨 TPE Concert V3\n        📜 Conformité NF525\n        📡 PWA Mode offline\n        🧾 Journal fiscal\n      \n    \n    \n      Caisse avancée — TPE & NF525\n      Intégration terminal de paiement Ingenico (protocole Concert V3), conformité fiscale NF525, mode offline PWA pour les coupures réseau.","choice":"caisse-avancee","id":null,"timestamp":1774568577177}
{"source":"user-event","type":"click","text":"📦\n        Sprint 4 — Stocks\n      \n      \n        📋 Inventaire temps réel\n        ⚠️ Alertes seuil bas\n        📥 Bons de commande\n        🔗 Décrément auto ventes\n      \n    \n    \n      Stocks & Approvisionnements\n      Gestion des niveaux de stock, alertes, bons de commande fournisseurs. Décrémente automatiquement à chaque vente POS.","choice":"stocks","id":null,"timestamp":1774568611376}
{"source":"user-event","type":"click","text":"💳\n        Sprint 4 — Caisse avancée\n      \n      \n        🖨 TPE Concert V3\n        📜 Conformité NF525\n        📡 PWA Mode offline\n        🧾 Journal fiscal\n      \n    \n    \n      Caisse avancée — TPE & NF525\n      Intégration terminal de paiement Ingenico (protocole Concert V3), conformité fiscale NF525, mode offline PWA pour les coupures réseau.","choice":"caisse-avancee","id":null,"timestamp":1774568612310}
{"source":"user-event","type":"click","text":"📦\n        Sprint 4 — Stocks\n      \n      \n        📋 Inventaire temps réel\n        ⚠️ Alertes seuil bas\n        📥 Bons de commande\n        🔗 Décrément auto ventes\n      \n    \n    \n      Stocks & Approvisionnements\n      Gestion des niveaux de stock, alertes, bons de commande fournisseurs. Décrémente automatiquement à chaque vente POS.","choice":"stocks","id":null,"timestamp":1774568613658}
{"source":"user-event","type":"click","text":"💳\n        Sprint 4 — Caisse avancée\n      \n      \n        🖨 TPE Concert V3\n        📜 Conformité NF525\n        📡 PWA Mode offline\n        🧾 Journal fiscal\n      \n    \n    \n      Caisse avancée — TPE & NF525\n      Intégration terminal de paiement Ingenico (protocole Concert V3), conformité fiscale NF525, mode offline PWA pour les coupures réseau.","choice":"caisse-avancee","id":null,"timestamp":1774568616099}
{"source":"user-event","type":"click","text":"📦\n        Sprint 4 — Stocks\n      \n      \n        📋 Inventaire temps réel\n        ⚠️ Alertes seuil bas\n        📥 Bons de commande\n        🔗 Décrément auto ventes\n      \n    \n    \n      Stocks & Approvisionnements\n      Gestion des niveaux de stock, alertes, bons de commande fournisseurs. Décrémente automatiquement à chaque vente POS.","choice":"stocks","id":null,"timestamp":1774568616901}
{"source":"user-event","type":"click","text":"📊\n        Sprint 6 — Analytics & CRM\n      \n      \n        📈 Dashboard analytics\n        🎁 Programme fidélité\n        👥 Profils clients\n        🏪 Multi-établissements\n      \n    \n    \n      Analytics & CRM Fidélité\n      Dashboard de performance, programme de fidélité clients, gestion multi-sites. Vision globale pour le franchiseur.","choice":"crm-analytics","id":null,"timestamp":1774568656022}
{"source":"user-event","type":"click","text":"📊\n        Sprint 6 — Analytics & CRM\n      \n      \n        📈 Dashboard analytics\n        🎁 Programme fidélité\n        👥 Profils clients\n        🏪 Multi-établissements\n      \n    \n    \n      Analytics & CRM Fidélité\n      Dashboard de performance, programme de fidélité clients, gestion multi-sites. Vision globale pour le franchiseur.","choice":"crm-analytics","id":null,"timestamp":1774568657373}
{"source":"user-event","type":"click","text":"💳\n        Sprint 4 — Caisse avancée\n      \n      \n        🖨 TPE Concert V3\n        📜 Conformité NF525\n        📡 PWA Mode offline\n        🧾 Journal fiscal\n      \n    \n    \n      Caisse avancée — TPE & NF525\n      Intégration terminal de paiement Ingenico (protocole Concert V3), conformité fiscale NF525, mode offline PWA pour les coupures réseau.","choice":"caisse-avancee","id":null,"timestamp":1774568658981}
{"source":"user-event","type":"click","text":"💳\n        Sprint 4 — Caisse avancée\n      \n      \n        🖨 TPE Concert V3\n        📜 Conformité NF525\n        📡 PWA Mode offline\n        🧾 Journal fiscal\n      \n    \n    \n      Caisse avancée — TPE & NF525\n      Intégration terminal de paiement Ingenico (protocole Concert V3), conformité fiscale NF525, mode offline PWA pour les coupures réseau.","choice":"caisse-avancee","id":null,"timestamp":1774568669672}
{"source":"user-event","type":"click","text":"📦\n        Sprint 4 — Stocks\n      \n      \n        📋 Inventaire temps réel\n        ⚠️ Alertes seuil bas\n        📥 Bons de commande\n        🔗 Décrément auto ventes\n      \n    \n    \n      Stocks & Approvisionnements\n      Gestion des niveaux de stock, alertes, bons de commande fournisseurs. Décrémente automatiquement à chaque vente POS.","choice":"stocks","id":null,"timestamp":1774568673268}
{"source":"user-event","type":"click","text":"📦\n        Sprint 4 — Stocks\n      \n      \n        📋 Inventaire temps réel\n        ⚠️ Alertes seuil bas\n        📥 Bons de commande\n        🔗 Décrément auto ventes\n      \n    \n    \n      Stocks & Approvisionnements\n      Gestion des niveaux de stock, alertes, bons de commande fournisseurs. Décrémente automatiquement à chaque vente POS.","choice":"stocks","id":null,"timestamp":1774568678616}
{"source":"user-event","type":"click","text":"📦\n        Sprint 4 — Stocks\n      \n      \n        📋 Inventaire temps réel\n        ⚠️ Alertes seuil bas\n        📥 Bons de commande\n        🔗 Décrément auto ventes\n      \n    \n    \n      Stocks & Approvisionnements\n      Gestion des niveaux de stock, alertes, bons de commande fournisseurs. Décrémente automatiquement à chaque vente POS.","choice":"stocks","id":null,"timestamp":1774568679071}
{"source":"user-event","type":"click","text":"📦\n        Sprint 4 — Stocks\n      \n      \n        📋 Inventaire temps réel\n        ⚠️ Alertes seuil bas\n        📥 Bons de commande\n        🔗 Décrément auto ventes\n      \n    \n    \n      Stocks & Approvisionnements\n      Gestion des niveaux de stock, alertes, bons de commande fournisseurs. Décrémente automatiquement à chaque vente POS.","choice":"stocks","id":null,"timestamp":1774568679364}
{"source":"user-event","type":"click","text":"📦\n        Sprint 4 — Stocks\n      \n      \n        📋 Inventaire temps réel\n        ⚠️ Alertes seuil bas\n        📥 Bons de commande\n        🔗 Décrément auto ventes\n      \n    \n    \n      Stocks & Approvisionnements\n      Gestion des niveaux de stock, alertes, bons de commande fournisseurs. Décrémente automatiquement à chaque vente POS.","choice":"stocks","id":null,"timestamp":1774568680344}
{"type":"screen-added","file":"/Users/anthony/Super pouvoir/Alloflow/.superpowers/brainstorm/59064-1774568203/team-kickoff.html"}
{"type":"screen-added","file":"/Users/anthony/Super pouvoir/Alloflow/.superpowers/brainstorm/59064-1774568203/s4-tpe-flow.html"}
{"type":"screen-added","file":"/Users/anthony/Super pouvoir/Alloflow/.superpowers/brainstorm/59064-1774568203/s4-stocks-dashboard.html"}
{"type":"screen-added","file":"/Users/anthony/Super pouvoir/Alloflow/.superpowers/brainstorm/59064-1774568203/s5-recettes-liste.html"}
{"type":"screen-added","file":"/Users/anthony/Super pouvoir/Alloflow/.superpowers/brainstorm/59064-1774568203/s6-analytics-dashboard.html"}
{"type":"screen-added","file":"/Users/anthony/Super pouvoir/Alloflow/.superpowers/brainstorm/59064-1774568203/s6-crm-clients.html"}
{"type":"screen-added","file":"/Users/anthony/Super pouvoir/Alloflow/.superpowers/brainstorm/59064-1774568203/navigation-sprints.html"}
{"type":"screen-added","file":"/Users/anthony/Super pouvoir/Alloflow/.superpowers/brainstorm/59064-1774568203/s5-recette-fiche.html"}
{"type":"screen-added","file":"/Users/anthony/Super pouvoir/Alloflow/.superpowers/brainstorm/59064-1774568203/s5-sop-cuisine.html"}
{"type":"screen-added","file":"/Users/anthony/Super pouvoir/Alloflow/.superpowers/brainstorm/59064-1774568203/s4-bon-commande.html"}
{"type":"screen-added","file":"/Users/anthony/Super pouvoir/Alloflow/.superpowers/brainstorm/59064-1774568203/s6-fidelite-pos-widget.html"}
{"type":"screen-updated","file":"/Users/anthony/Super pouvoir/Alloflow/.superpowers/brainstorm/59064-1774568203/navigation-sprints.html"}
{"type":"screen-updated","file":"/Users/anthony/Super pouvoir/Alloflow/.superpowers/brainstorm/59064-1774568203/navigation-sprints.html"}
{"type":"screen-updated","file":"/Users/anthony/Super pouvoir/Alloflow/.superpowers/brainstorm/59064-1774568203/navigation-sprints.html"}
{"type":"screen-updated","file":"/Users/anthony/Super pouvoir/Alloflow/.superpowers/brainstorm/59064-1774568203/navigation-sprints.html"}
{"type":"screen-updated","file":"/Users/anthony/Super pouvoir/Alloflow/.superpowers/brainstorm/59064-1774568203/navigation-sprints.html"}
{"type":"screen-updated","file":"/Users/anthony/Super pouvoir/Alloflow/.superpowers/brainstorm/59064-1774568203/navigation-sprints.html"}
{"type":"screen-updated","file":"/Users/anthony/Super pouvoir/Alloflow/.superpowers/brainstorm/59064-1774568203/navigation-sprints.html"}
{"type":"screen-updated","file":"/Users/anthony/Super pouvoir/Alloflow/.superpowers/brainstorm/59064-1774568203/navigation-sprints.html"}
{"type":"screen-updated","file":"/Users/anthony/Super pouvoir/Alloflow/.superpowers/brainstorm/59064-1774568203/navigation-sprints.html"}
{"type":"screen-updated","file":"/Users/anthony/Super pouvoir/Alloflow/.superpowers/brainstorm/59064-1774568203/navigation-sprints.html"}
{"type":"screen-updated","file":"/Users/anthony/Super pouvoir/Alloflow/.superpowers/brainstorm/59064-1774568203/navigation-sprints.html"}
{"type":"screen-updated","file":"/Users/anthony/Super pouvoir/Alloflow/.superpowers/brainstorm/59064-1774568203/navigation-sprints.html"}
{"type":"screen-updated","file":"/Users/anthony/Super pouvoir/Alloflow/.superpowers/brainstorm/59064-1774568203/s4-tpe-flow.html"}
{"type":"screen-updated","file":"/Users/anthony/Super pouvoir/Alloflow/.superpowers/brainstorm/59064-1774568203/s4-stocks-dashboard.html"}
{"type":"screen-updated","file":"/Users/anthony/Super pouvoir/Alloflow/.superpowers/brainstorm/59064-1774568203/s4-bon-commande.html"}
{"type":"screen-updated","file":"/Users/anthony/Super pouvoir/Alloflow/.superpowers/brainstorm/59064-1774568203/s5-recettes-liste.html"}
{"type":"screen-updated","file":"/Users/anthony/Super pouvoir/Alloflow/.superpowers/brainstorm/59064-1774568203/s5-recette-fiche.html"}
{"type":"screen-updated","file":"/Users/anthony/Super pouvoir/Alloflow/.superpowers/brainstorm/59064-1774568203/s5-sop-cuisine.html"}
{"type":"screen-updated","file":"/Users/anthony/Super pouvoir/Alloflow/.superpowers/brainstorm/59064-1774568203/s6-analytics-dashboard.html"}
{"type":"screen-updated","file":"/Users/anthony/Super pouvoir/Alloflow/.superpowers/brainstorm/59064-1774568203/s6-crm-clients.html"}
{"type":"screen-updated","file":"/Users/anthony/Super pouvoir/Alloflow/.superpowers/brainstorm/59064-1774568203/s6-fidelite-pos-widget.html"}
{"type":"screen-added","file":"/Users/anthony/Super pouvoir/Alloflow/.superpowers/brainstorm/59064-1774568203/s2-products-dashboard.html"}
{"type":"screen-added","file":"/Users/anthony/Super pouvoir/Alloflow/.superpowers/brainstorm/59064-1774568203/s2-layouts-dashboard.html"}
{"type":"screen-added","file":"/Users/anthony/Super pouvoir/Alloflow/.superpowers/brainstorm/59064-1774568203/s3-caisse-pos.html"}
{"type":"screen-added","file":"/Users/anthony/Super pouvoir/Alloflow/.superpowers/brainstorm/59064-1774568203/s3-navigation.html"}
{"type":"screen-added","file":"/Users/anthony/Super pouvoir/Alloflow/.superpowers/brainstorm/59064-1774568203/navigation-globale.html"}
{"type":"screen-added","file":"/Users/anthony/Super pouvoir/Alloflow/.superpowers/brainstorm/59064-1774568203/alloflow-mockups.html"}
{"type":"screen-updated","file":"/Users/anthony/Super pouvoir/Alloflow/.superpowers/brainstorm/59064-1774568203/s4-stocks-dashboard.html"}
{"type":"screen-updated","file":"/Users/anthony/Super pouvoir/Alloflow/.superpowers/brainstorm/59064-1774568203/s5-recettes-liste.html"}
{"type":"screen-updated","file":"/Users/anthony/Super pouvoir/Alloflow/.superpowers/brainstorm/59064-1774568203/alloflow-mockups.html"}
{"type":"screen-updated","file":"/Users/anthony/Super pouvoir/Alloflow/.superpowers/brainstorm/59064-1774568203/alloflow-mockups.html"}
{"type":"screen-updated","file":"/Users/anthony/Super pouvoir/Alloflow/.superpowers/brainstorm/59064-1774568203/alloflow-mockups.html"}
{"type":"screen-updated","file":"/Users/anthony/Super pouvoir/Alloflow/.superpowers/brainstorm/59064-1774568203/alloflow-mockups.html"}
{"type":"screen-added","file":"/Users/anthony/Super pouvoir/Alloflow/.superpowers/brainstorm/59064-1774568203/fidelite-flow-question1.html"}
{"type":"screen-added","file":"/Users/anthony/Super pouvoir/Alloflow/.superpowers/brainstorm/59064-1774568203/fidelite-trigger.html"}
{"type":"screen-added","file":"/Users/anthony/Super pouvoir/Alloflow/.superpowers/brainstorm/59064-1774568203/fidelite-pos-flow-complet.html"}
{"type":"screen-added","file":"/Users/anthony/Super pouvoir/Alloflow/.superpowers/brainstorm/59064-1774568203/fidelite-qr-portal.html"}
{"type":"screen-added","file":"/Users/anthony/Super pouvoir/Alloflow/.superpowers/brainstorm/59064-1774568203/recette-produit-link.html"}
{"type":"screen-added","file":"/Users/anthony/Super pouvoir/Alloflow/.superpowers/brainstorm/59064-1774568203/sop-system.html"}
{"type":"screen-updated","file":"/Users/anthony/Super pouvoir/Alloflow/.superpowers/brainstorm/59064-1774568203/sop-system.html"}
{"type":"screen-updated","file":"/Users/anthony/Super pouvoir/Alloflow/.superpowers/brainstorm/59064-1774568203/sop-system.html"}
{"type":"screen-added","file":"/Users/anthony/Super pouvoir/Alloflow/.superpowers/brainstorm/59064-1774568203/recipe-form.html"}
{"type":"screen-added","file":"/Users/anthony/Super pouvoir/Alloflow/.superpowers/brainstorm/59064-1774568203/alloflow-master.html"}
{"type":"screen-added","file":"/Users/anthony/Super pouvoir/Alloflow/.superpowers/brainstorm/59064-1774568203/empty-states.html"}
{"type":"screen-added","file":"/Users/anthony/Super pouvoir/Alloflow/.superpowers/brainstorm/59064-1774568203/backoffice-screens.html"}
{"type":"screen-added","file":"/Users/anthony/Super pouvoir/Alloflow/.superpowers/brainstorm/59064-1774568203/s4-stocks.html"}
{"type":"screen-added","file":"/Users/anthony/Super pouvoir/Alloflow/.superpowers/brainstorm/59064-1774568203/s4-caisse-avancee.html"}
{"type":"screen-updated","file":"/Users/anthony/Super pouvoir/Alloflow/.superpowers/brainstorm/59064-1774568203/s4-stocks.html"}
{"type":"screen-updated","file":"/Users/anthony/Super pouvoir/Alloflow/.superpowers/brainstorm/59064-1774568203/s4-stocks.html"}
{"type":"screen-updated","file":"/Users/anthony/Super pouvoir/Alloflow/.superpowers/brainstorm/59064-1774568203/s4-caisse-avancee.html"}
{"type":"screen-updated","file":"/Users/anthony/Super pouvoir/Alloflow/.superpowers/brainstorm/59064-1774568203/s4-caisse-avancee.html"}
{"type":"screen-updated","file":"/Users/anthony/Super pouvoir/Alloflow/.superpowers/brainstorm/59064-1774568203/s4-caisse-avancee.html"}
{"type":"screen-updated","file":"/Users/anthony/Super pouvoir/Alloflow/.superpowers/brainstorm/59064-1774568203/s4-stocks.html"}
{"type":"server-stopped","reason":"idle timeout"}
